<?xml version="1.0" encoding="UTF-8"?>
<testng-results skipped="0" failed="0" ignored="0" total="1" passed="1">
  <reporter-output>
  </reporter-output>
  <suite name="InetBankingV1" duration-ms="15230" started-at="2022-07-03T13:31:54 IST" finished-at="2022-07-03T13:32:10 IST">
    <groups>
    </groups>
    <test name="BankingAppTest" duration-ms="15230" started-at="2022-07-03T13:31:54 IST" finished-at="2022-07-03T13:32:10 IST">
      <class name="com.inetBanking.testCases.TC_LoginTest_001">
        <test-method status="PASS" signature="setUp(java.lang.String)[pri:0, instance:com.inetBanking.testCases.TC_LoginTest_001@73700b80]" name="setUp" is-config="true" duration-ms="11220" started-at="2022-07-03T13:31:54 IST" finished-at="2022-07-03T13:32:06 IST">
          <params>
            <param index="0">
              <value>
                <![CDATA[chrome]]>
              </value>
            </param>
          </params>
          <reporter-output>
          </reporter-output>
        </test-method> <!-- setUp -->
        <test-method status="PASS" signature="loginTest()[pri:0, instance:com.inetBanking.testCases.TC_LoginTest_001@73700b80]" name="loginTest" duration-ms="3043" started-at="2022-07-03T13:32:06 IST" finished-at="2022-07-03T13:32:09 IST">
          <reporter-output>
          </reporter-output>
        </test-method> <!-- loginTest -->
        <test-method status="PASS" signature="tearDown()[pri:0, instance:com.inetBanking.testCases.TC_LoginTest_001@73700b80]" name="tearDown" is-config="true" duration-ms="732" started-at="2022-07-03T13:32:09 IST" finished-at="2022-07-03T13:32:10 IST">
          <reporter-output>
          </reporter-output>
        </test-method> <!-- tearDown -->
      </class> <!-- com.inetBanking.testCases.TC_LoginTest_001 -->
    </test> <!-- BankingAppTest -->
  </suite> <!-- InetBankingV1 -->
</testng-results>
